[07:42:34] [main/INFO]: Environment: authHost='https://authserver.mojang.com', accountsHost='https://api.mojang.com', sessionHost='https://sessionserver.mojang.com', servicesHost='https://api.minecraftservices.com', name='PROD'
[07:42:34] [main/INFO]: Reloading ResourceManager: Default, bukkit
[07:42:34] [Worker-Main-13/INFO]: Loaded 7 recipes
[07:42:35] [Server thread/INFO]: Starting minecraft server version 1.16.5
[07:42:35] [Server thread/INFO]: Loading properties
[07:42:35] [Server thread/INFO]: This server is running CraftBukkit version 3020-Spigot-bff5261-ee5006d (MC: 1.16.5) (Implementing API version 1.16.5-R0.1-SNAPSHOT)
[07:42:36] [Server thread/INFO]: Server Ping Player Sample Count: 12
[07:42:36] [Server thread/INFO]: Using 4 threads for Netty based IO
[07:42:36] [Server thread/INFO]: Debug logging is disabled
[07:42:36] [Server thread/INFO]: Default game type: SURVIVAL
[07:42:36] [Server thread/INFO]: Generating keypair
[07:42:36] [Server thread/INFO]: Starting Minecraft server on *:25565
[07:42:36] [Server thread/INFO]: Using epoll channel type
[07:42:36] [Server thread/INFO]: Preparing level "world"
[07:42:36] [Server thread/INFO]: -------- World Settings For [world] --------
[07:42:36] [Server thread/INFO]: Cactus Growth Modifier: 100%
[07:42:36] [Server thread/INFO]: Cane Growth Modifier: 100%
[07:42:36] [Server thread/INFO]: Melon Growth Modifier: 100%
[07:42:36] [Server thread/INFO]: Mushroom Growth Modifier: 100%
[07:42:36] [Server thread/INFO]: Pumpkin Growth Modifier: 100%
[07:42:36] [Server thread/INFO]: Sapling Growth Modifier: 100%
[07:42:36] [Server thread/INFO]: Beetroot Growth Modifier: 100%
[07:42:36] [Server thread/INFO]: Carrot Growth Modifier: 100%
[07:42:36] [Server thread/INFO]: Potato Growth Modifier: 100%
[07:42:36] [Server thread/INFO]: Wheat Growth Modifier: 100%
[07:42:36] [Server thread/INFO]: NetherWart Growth Modifier: 100%
[07:42:36] [Server thread/INFO]: Vine Growth Modifier: 100%
[07:42:36] [Server thread/INFO]: Cocoa Growth Modifier: 100%
[07:42:36] [Server thread/INFO]: Bamboo Growth Modifier: 100%
[07:42:36] [Server thread/INFO]: SweetBerry Growth Modifier: 100%
[07:42:36] [Server thread/INFO]: Kelp Growth Modifier: 100%
[07:42:36] [Server thread/INFO]: Entity Activation Range: An 32 / Mo 32 / Ra 48 / Mi 16 / Tiv true
[07:42:36] [Server thread/INFO]: Mob Spawn Range: 6
[07:42:36] [Server thread/INFO]: Experience Merge Radius: 3.0
[07:42:36] [Server thread/INFO]: Hopper Transfer: 8 Hopper Check: 1 Hopper Amount: 1
[07:42:36] [Server thread/INFO]: Custom Map Seeds:  Village: 10387312 Desert: 14357617 Igloo: 14357618 Jungle: 14357619 Swamp: 14357620 Monument: 10387313 Ocean: 14357621 Shipwreck: 165745295 End City: 10387313 Slime: 987234911 Bastion: 30084232 Fortress: 30084232 Mansion: 10387319 Fossil: 14357921 Portal: 34222645
[07:42:36] [Server thread/INFO]: Max TNT Explosions: 100
[07:42:36] [Server thread/INFO]: Tile Max Tick Time: 50ms Entity max Tick Time: 50ms
[07:42:36] [Server thread/INFO]: Entity Tracking Range: Pl 48 / An 48 / Mo 48 / Mi 32 / Other 64
[07:42:36] [Server thread/INFO]: Allow Zombie Pigmen to spawn from portal blocks: true
[07:42:36] [Server thread/INFO]: Item Despawn Rate: 6000
[07:42:36] [Server thread/INFO]: Item Merge Radius: 2.5
[07:42:36] [Server thread/INFO]: View Distance: 10
[07:42:36] [Server thread/INFO]: Arrow Despawn Rate: 1200 Trident Respawn Rate:1200
[07:42:36] [Server thread/INFO]: Zombie Aggressive Towards Villager: true
[07:42:36] [Server thread/INFO]: Nerfing mobs spawned from spawners: false
[07:42:36] [Server thread/INFO]: -------- World Settings For [world_nether] --------
[07:42:36] [Server thread/INFO]: Cactus Growth Modifier: 100%
[07:42:36] [Server thread/INFO]: Cane Growth Modifier: 100%
[07:42:36] [Server thread/INFO]: Melon Growth Modifier: 100%
[07:42:36] [Server thread/INFO]: Mushroom Growth Modifier: 100%
[07:42:36] [Server thread/INFO]: Pumpkin Growth Modifier: 100%
[07:42:36] [Server thread/INFO]: Sapling Growth Modifier: 100%
[07:42:36] [Server thread/INFO]: Beetroot Growth Modifier: 100%
[07:42:36] [Server thread/INFO]: Carrot Growth Modifier: 100%
[07:42:36] [Server thread/INFO]: Potato Growth Modifier: 100%
[07:42:36] [Server thread/INFO]: Wheat Growth Modifier: 100%
[07:42:36] [Server thread/INFO]: NetherWart Growth Modifier: 100%
[07:42:36] [Server thread/INFO]: Vine Growth Modifier: 100%
[07:42:36] [Server thread/INFO]: Cocoa Growth Modifier: 100%
[07:42:36] [Server thread/INFO]: Bamboo Growth Modifier: 100%
[07:42:36] [Server thread/INFO]: SweetBerry Growth Modifier: 100%
[07:42:36] [Server thread/INFO]: Kelp Growth Modifier: 100%
[07:42:36] [Server thread/INFO]: Entity Activation Range: An 32 / Mo 32 / Ra 48 / Mi 16 / Tiv true
[07:42:36] [Server thread/INFO]: Mob Spawn Range: 6
[07:42:36] [Server thread/INFO]: Experience Merge Radius: 3.0
[07:42:36] [Server thread/INFO]: Hopper Transfer: 8 Hopper Check: 1 Hopper Amount: 1
[07:42:36] [Server thread/INFO]: Custom Map Seeds:  Village: 10387312 Desert: 14357617 Igloo: 14357618 Jungle: 14357619 Swamp: 14357620 Monument: 10387313 Ocean: 14357621 Shipwreck: 165745295 End City: 10387313 Slime: 987234911 Bastion: 30084232 Fortress: 30084232 Mansion: 10387319 Fossil: 14357921 Portal: 34222645
[07:42:36] [Server thread/INFO]: Max TNT Explosions: 100
[07:42:36] [Server thread/INFO]: Tile Max Tick Time: 50ms Entity max Tick Time: 50ms
[07:42:36] [Server thread/INFO]: Entity Tracking Range: Pl 48 / An 48 / Mo 48 / Mi 32 / Other 64
[07:42:36] [Server thread/INFO]: Allow Zombie Pigmen to spawn from portal blocks: true
[07:42:36] [Server thread/INFO]: Item Despawn Rate: 6000
[07:42:36] [Server thread/INFO]: Item Merge Radius: 2.5
[07:42:36] [Server thread/INFO]: View Distance: 10
[07:42:36] [Server thread/INFO]: Arrow Despawn Rate: 1200 Trident Respawn Rate:1200
[07:42:36] [Server thread/INFO]: Zombie Aggressive Towards Villager: true
[07:42:36] [Server thread/INFO]: Nerfing mobs spawned from spawners: false
[07:42:36] [Server thread/INFO]: -------- World Settings For [world_the_end] --------
[07:42:36] [Server thread/INFO]: Cactus Growth Modifier: 100%
[07:42:36] [Server thread/INFO]: Cane Growth Modifier: 100%
[07:42:36] [Server thread/INFO]: Melon Growth Modifier: 100%
[07:42:36] [Server thread/INFO]: Mushroom Growth Modifier: 100%
[07:42:36] [Server thread/INFO]: Pumpkin Growth Modifier: 100%
[07:42:36] [Server thread/INFO]: Sapling Growth Modifier: 100%
[07:42:36] [Server thread/INFO]: Beetroot Growth Modifier: 100%
[07:42:36] [Server thread/INFO]: Carrot Growth Modifier: 100%
[07:42:36] [Server thread/INFO]: Potato Growth Modifier: 100%
[07:42:36] [Server thread/INFO]: Wheat Growth Modifier: 100%
[07:42:36] [Server thread/INFO]: NetherWart Growth Modifier: 100%
[07:42:36] [Server thread/INFO]: Vine Growth Modifier: 100%
[07:42:36] [Server thread/INFO]: Cocoa Growth Modifier: 100%
[07:42:36] [Server thread/INFO]: Bamboo Growth Modifier: 100%
[07:42:36] [Server thread/INFO]: SweetBerry Growth Modifier: 100%
[07:42:36] [Server thread/INFO]: Kelp Growth Modifier: 100%
[07:42:36] [Server thread/INFO]: Entity Activation Range: An 32 / Mo 32 / Ra 48 / Mi 16 / Tiv true
[07:42:36] [Server thread/INFO]: Mob Spawn Range: 6
[07:42:36] [Server thread/INFO]: Experience Merge Radius: 3.0
[07:42:36] [Server thread/INFO]: Hopper Transfer: 8 Hopper Check: 1 Hopper Amount: 1
[07:42:36] [Server thread/INFO]: Custom Map Seeds:  Village: 10387312 Desert: 14357617 Igloo: 14357618 Jungle: 14357619 Swamp: 14357620 Monument: 10387313 Ocean: 14357621 Shipwreck: 165745295 End City: 10387313 Slime: 987234911 Bastion: 30084232 Fortress: 30084232 Mansion: 10387319 Fossil: 14357921 Portal: 34222645
[07:42:36] [Server thread/INFO]: Max TNT Explosions: 100
[07:42:36] [Server thread/INFO]: Tile Max Tick Time: 50ms Entity max Tick Time: 50ms
[07:42:36] [Server thread/INFO]: Entity Tracking Range: Pl 48 / An 48 / Mo 48 / Mi 32 / Other 64
[07:42:36] [Server thread/INFO]: Allow Zombie Pigmen to spawn from portal blocks: true
[07:42:36] [Server thread/INFO]: Item Despawn Rate: 6000
[07:42:36] [Server thread/INFO]: Item Merge Radius: 2.5
[07:42:36] [Server thread/INFO]: View Distance: 10
[07:42:36] [Server thread/INFO]: Arrow Despawn Rate: 1200 Trident Respawn Rate:1200
[07:42:36] [Server thread/INFO]: Zombie Aggressive Towards Villager: true
[07:42:36] [Server thread/INFO]: Nerfing mobs spawned from spawners: false
[07:42:36] [Server thread/INFO]: Preparing start region for dimension minecraft:overworld
[07:42:37] [Server thread/INFO]: Preparing spawn area: 0%
[07:42:37] [Server thread/INFO]: Preparing spawn area: 0%
[07:42:37] [Server thread/INFO]: Preparing spawn area: 16%
[07:42:38] [Server thread/INFO]: Time elapsed: 1325 ms
[07:42:38] [Server thread/INFO]: Preparing start region for dimension minecraft:the_nether
[07:42:38] [Server thread/INFO]: Preparing spawn area: 0%
[07:42:38] [Server thread/INFO]: Preparing spawn area: 64%
[07:42:39] [Worker-Main-13/INFO]: Preparing spawn area: 90%
[07:42:39] [Worker-Main-11/INFO]: Preparing spawn area: 92%
[07:42:40] [Server thread/INFO]: Time elapsed: 1917 ms
[07:42:40] [Server thread/INFO]: Preparing start region for dimension minecraft:the_end
[07:42:40] [Server thread/INFO]: Preparing spawn area: 0%
[07:42:40] [Worker-Main-11/INFO]: Preparing spawn area: 83%
[07:42:41] [Worker-Main-8/INFO]: Preparing spawn area: 83%
[07:42:41] [Worker-Main-8/INFO]: Preparing spawn area: 83%
[07:42:42] [Worker-Main-8/INFO]: Preparing spawn area: 83%
[07:42:42] [Worker-Main-14/INFO]: Preparing spawn area: 86%
[07:42:43] [Worker-Main-14/INFO]: Preparing spawn area: 93%
[07:42:43] [Server thread/INFO]: Time elapsed: 3421 ms
[07:42:43] [Server thread/INFO]: Server permissions file permissions.yml is empty, ignoring it
[07:42:43] [Server thread/INFO]: Done (6.859s)! For help, type "help"
[07:42:43] [Server thread/INFO]: Starting GS4 status listener
[07:42:43] [Server thread/INFO]: Thread Query Listener started
[07:42:43] [Query Listener #1/INFO]: Query running on 0.0.0.0:25565
[07:53:15] [Server thread/INFO]: Unknown or incomplete command, see below for error
[07:53:15] [Server thread/INFO]: whitelist<--[HERE]
[07:53:17] [Server thread/INFO]: There are 10 whitelisted players: ProRockCrusher, boatsyyy, edeak, Tirazi, Sweepy00, scatrat, 460, Dip0d, Taebak420, Fox5819
[07:54:13] [Server thread/INFO]: Stopping the server
[07:54:13] [Server thread/INFO]: Stopping server
[07:54:13] [Server thread/INFO]: Saving players
[07:54:13] [Server thread/INFO]: Saving worlds
[07:54:13] [Server thread/INFO]: Saving chunks for level 'ServerLevel[world]'/minecraft:overworld
[07:54:14] [Server thread/INFO]: ThreadedAnvilChunkStorage (world): All chunks are saved
[07:54:14] [Server thread/INFO]: Saving chunks for level 'ServerLevel[world_nether]'/minecraft:the_nether
[07:54:15] [Server thread/INFO]: ThreadedAnvilChunkStorage (DIM-1): All chunks are saved
[07:54:15] [Server thread/INFO]: Saving chunks for level 'ServerLevel[world_the_end]'/minecraft:the_end
[07:54:15] [Server thread/INFO]: ThreadedAnvilChunkStorage (DIM1): All chunks are saved
[07:54:15] [Server thread/INFO]: ThreadedAnvilChunkStorage (world): All chunks are saved
[07:54:15] [Server thread/INFO]: ThreadedAnvilChunkStorage (DIM-1): All chunks are saved
[07:54:15] [Server thread/INFO]: ThreadedAnvilChunkStorage (DIM1): All chunks are saved
[07:54:15] [Server thread/INFO]: Thread Query Listener stopped
