[07:44:47] [main/INFO]: Environment: authHost='https://authserver.mojang.com', accountsHost='https://api.mojang.com', sessionHost='https://sessionserver.mojang.com', servicesHost='https://api.minecraftservices.com', name='PROD'
[07:44:47] [main/INFO]: Found new data pack file/bukkit, loading it automatically
[07:44:47] [main/INFO]: Reloading ResourceManager: Default, bukkit
[07:44:47] [Worker-Main-14/INFO]: Loaded 7 recipes
[07:44:48] [Server thread/INFO]: Starting minecraft server version 1.16.5
[07:44:48] [Server thread/INFO]: Loading properties
[07:44:48] [Server thread/INFO]: This server is running CraftBukkit version 3020-Spigot-bff5261-ee5006d (MC: 1.16.5) (Implementing API version 1.16.5-R0.1-SNAPSHOT)
[07:44:49] [Server thread/INFO]: Debug logging is disabled
[07:44:49] [Server thread/INFO]: Server Ping Player Sample Count: 12
[07:44:49] [Server thread/INFO]: Using 4 threads for Netty based IO
[07:44:49] [Server thread/INFO]: Default game type: SURVIVAL
[07:44:49] [Server thread/INFO]: Generating keypair
[07:44:49] [Server thread/INFO]: Starting Minecraft server on *:25555
[07:44:49] [Server thread/INFO]: Using epoll channel type
[07:44:49] [Server thread/INFO]: Preparing level "world"
[07:44:49] [Server thread/INFO]: -------- World Settings For [world] --------
[07:44:49] [Server thread/INFO]: Experience Merge Radius: 3.0
[07:44:49] [Server thread/INFO]: Mob Spawn Range: 6
[07:44:49] [Server thread/INFO]: Cactus Growth Modifier: 100%
[07:44:49] [Server thread/INFO]: Cane Growth Modifier: 100%
[07:44:49] [Server thread/INFO]: Melon Growth Modifier: 100%
[07:44:49] [Server thread/INFO]: Mushroom Growth Modifier: 100%
[07:44:49] [Server thread/INFO]: Pumpkin Growth Modifier: 100%
[07:44:49] [Server thread/INFO]: Sapling Growth Modifier: 100%
[07:44:49] [Server thread/INFO]: Beetroot Growth Modifier: 100%
[07:44:49] [Server thread/INFO]: Carrot Growth Modifier: 100%
[07:44:49] [Server thread/INFO]: Potato Growth Modifier: 100%
[07:44:49] [Server thread/INFO]: Wheat Growth Modifier: 100%
[07:44:49] [Server thread/INFO]: NetherWart Growth Modifier: 100%
[07:44:49] [Server thread/INFO]: Vine Growth Modifier: 100%
[07:44:49] [Server thread/INFO]: Cocoa Growth Modifier: 100%
[07:44:49] [Server thread/INFO]: Bamboo Growth Modifier: 100%
[07:44:49] [Server thread/INFO]: SweetBerry Growth Modifier: 100%
[07:44:49] [Server thread/INFO]: Kelp Growth Modifier: 100%
[07:44:49] [Server thread/INFO]: Entity Activation Range: An 32 / Mo 32 / Ra 48 / Mi 16 / Tiv true
[07:44:49] [Server thread/INFO]: Hopper Transfer: 8 Hopper Check: 1 Hopper Amount: 1
[07:44:49] [Server thread/INFO]: Custom Map Seeds:  Village: 10387312 Desert: 14357617 Igloo: 14357618 Jungle: 14357619 Swamp: 14357620 Monument: 10387313 Ocean: 14357621 Shipwreck: 165745295 End City: 10387313 Slime: 987234911 Bastion: 30084232 Fortress: 30084232 Mansion: 10387319 Fossil: 14357921 Portal: 34222645
[07:44:49] [Server thread/INFO]: Max TNT Explosions: 100
[07:44:49] [Server thread/INFO]: Tile Max Tick Time: 50ms Entity max Tick Time: 50ms
[07:44:49] [Server thread/INFO]: Entity Tracking Range: Pl 48 / An 48 / Mo 48 / Mi 32 / Other 64
[07:44:49] [Server thread/INFO]: Allow Zombie Pigmen to spawn from portal blocks: true
[07:44:49] [Server thread/INFO]: Item Despawn Rate: 6000
[07:44:49] [Server thread/INFO]: Item Merge Radius: 2.5
[07:44:49] [Server thread/INFO]: View Distance: 10
[07:44:49] [Server thread/INFO]: Arrow Despawn Rate: 1200 Trident Respawn Rate:1200
[07:44:49] [Server thread/INFO]: Zombie Aggressive Towards Villager: true
[07:44:49] [Server thread/INFO]: Nerfing mobs spawned from spawners: false
[07:44:51] [Server thread/INFO]: -------- World Settings For [world_nether] --------
[07:44:51] [Server thread/INFO]: Experience Merge Radius: 3.0
[07:44:51] [Server thread/INFO]: Mob Spawn Range: 6
[07:44:51] [Server thread/INFO]: Cactus Growth Modifier: 100%
[07:44:51] [Server thread/INFO]: Cane Growth Modifier: 100%
[07:44:51] [Server thread/INFO]: Melon Growth Modifier: 100%
[07:44:51] [Server thread/INFO]: Mushroom Growth Modifier: 100%
[07:44:51] [Server thread/INFO]: Pumpkin Growth Modifier: 100%
[07:44:51] [Server thread/INFO]: Sapling Growth Modifier: 100%
[07:44:51] [Server thread/INFO]: Beetroot Growth Modifier: 100%
[07:44:51] [Server thread/INFO]: Carrot Growth Modifier: 100%
[07:44:51] [Server thread/INFO]: Potato Growth Modifier: 100%
[07:44:51] [Server thread/INFO]: Wheat Growth Modifier: 100%
[07:44:51] [Server thread/INFO]: NetherWart Growth Modifier: 100%
[07:44:51] [Server thread/INFO]: Vine Growth Modifier: 100%
[07:44:51] [Server thread/INFO]: Cocoa Growth Modifier: 100%
[07:44:51] [Server thread/INFO]: Bamboo Growth Modifier: 100%
[07:44:51] [Server thread/INFO]: SweetBerry Growth Modifier: 100%
[07:44:51] [Server thread/INFO]: Kelp Growth Modifier: 100%
[07:44:51] [Server thread/INFO]: Entity Activation Range: An 32 / Mo 32 / Ra 48 / Mi 16 / Tiv true
[07:44:51] [Server thread/INFO]: Hopper Transfer: 8 Hopper Check: 1 Hopper Amount: 1
[07:44:51] [Server thread/INFO]: Custom Map Seeds:  Village: 10387312 Desert: 14357617 Igloo: 14357618 Jungle: 14357619 Swamp: 14357620 Monument: 10387313 Ocean: 14357621 Shipwreck: 165745295 End City: 10387313 Slime: 987234911 Bastion: 30084232 Fortress: 30084232 Mansion: 10387319 Fossil: 14357921 Portal: 34222645
[07:44:51] [Server thread/INFO]: Max TNT Explosions: 100
[07:44:51] [Server thread/INFO]: Tile Max Tick Time: 50ms Entity max Tick Time: 50ms
[07:44:51] [Server thread/INFO]: Entity Tracking Range: Pl 48 / An 48 / Mo 48 / Mi 32 / Other 64
[07:44:51] [Server thread/INFO]: Allow Zombie Pigmen to spawn from portal blocks: true
[07:44:51] [Server thread/INFO]: Item Despawn Rate: 6000
[07:44:51] [Server thread/INFO]: Item Merge Radius: 2.5
[07:44:51] [Server thread/INFO]: View Distance: 10
[07:44:51] [Server thread/INFO]: Arrow Despawn Rate: 1200 Trident Respawn Rate:1200
[07:44:51] [Server thread/INFO]: Zombie Aggressive Towards Villager: true
[07:44:51] [Server thread/INFO]: Nerfing mobs spawned from spawners: false
[07:44:51] [Server thread/WARN]: Unable to find spawn biome
[07:44:52] [Server thread/INFO]: -------- World Settings For [world_the_end] --------
[07:44:52] [Server thread/INFO]: Experience Merge Radius: 3.0
[07:44:52] [Server thread/INFO]: Mob Spawn Range: 6
[07:44:52] [Server thread/INFO]: Cactus Growth Modifier: 100%
[07:44:52] [Server thread/INFO]: Cane Growth Modifier: 100%
[07:44:52] [Server thread/INFO]: Melon Growth Modifier: 100%
[07:44:52] [Server thread/INFO]: Mushroom Growth Modifier: 100%
[07:44:52] [Server thread/INFO]: Pumpkin Growth Modifier: 100%
[07:44:52] [Server thread/INFO]: Sapling Growth Modifier: 100%
[07:44:52] [Server thread/INFO]: Beetroot Growth Modifier: 100%
[07:44:52] [Server thread/INFO]: Carrot Growth Modifier: 100%
[07:44:52] [Server thread/INFO]: Potato Growth Modifier: 100%
[07:44:52] [Server thread/INFO]: Wheat Growth Modifier: 100%
[07:44:52] [Server thread/INFO]: NetherWart Growth Modifier: 100%
[07:44:52] [Server thread/INFO]: Vine Growth Modifier: 100%
[07:44:52] [Server thread/INFO]: Cocoa Growth Modifier: 100%
[07:44:52] [Server thread/INFO]: Bamboo Growth Modifier: 100%
[07:44:52] [Server thread/INFO]: SweetBerry Growth Modifier: 100%
[07:44:52] [Server thread/INFO]: Kelp Growth Modifier: 100%
[07:44:52] [Server thread/INFO]: Entity Activation Range: An 32 / Mo 32 / Ra 48 / Mi 16 / Tiv true
[07:44:52] [Server thread/INFO]: Hopper Transfer: 8 Hopper Check: 1 Hopper Amount: 1
[07:44:52] [Server thread/INFO]: Custom Map Seeds:  Village: 10387312 Desert: 14357617 Igloo: 14357618 Jungle: 14357619 Swamp: 14357620 Monument: 10387313 Ocean: 14357621 Shipwreck: 165745295 End City: 10387313 Slime: 987234911 Bastion: 30084232 Fortress: 30084232 Mansion: 10387319 Fossil: 14357921 Portal: 34222645
[07:44:52] [Server thread/INFO]: Max TNT Explosions: 100
[07:44:52] [Server thread/INFO]: Tile Max Tick Time: 50ms Entity max Tick Time: 50ms
[07:44:52] [Server thread/INFO]: Entity Tracking Range: Pl 48 / An 48 / Mo 48 / Mi 32 / Other 64
[07:44:52] [Server thread/INFO]: Allow Zombie Pigmen to spawn from portal blocks: true
[07:44:52] [Server thread/INFO]: Item Despawn Rate: 6000
[07:44:52] [Server thread/INFO]: Item Merge Radius: 2.5
[07:44:52] [Server thread/INFO]: View Distance: 10
[07:44:52] [Server thread/INFO]: Arrow Despawn Rate: 1200 Trident Respawn Rate:1200
[07:44:52] [Server thread/INFO]: Zombie Aggressive Towards Villager: true
[07:44:52] [Server thread/INFO]: Nerfing mobs spawned from spawners: false
[07:44:52] [Server thread/WARN]: Unable to find spawn biome
[07:44:52] [Server thread/INFO]: Preparing start region for dimension minecraft:overworld
[07:44:52] [Worker-Main-8/INFO]: Preparing spawn area: 0%
[07:44:53] [Worker-Main-11/INFO]: Preparing spawn area: 0%
[07:44:53] [Worker-Main-14/INFO]: Preparing spawn area: 1%
[07:44:54] [Worker-Main-12/INFO]: Preparing spawn area: 4%
[07:44:54] [Worker-Main-8/INFO]: Preparing spawn area: 6%
[07:44:55] [Worker-Main-11/INFO]: Preparing spawn area: 12%
[07:44:55] [Worker-Main-12/INFO]: Preparing spawn area: 16%
[07:44:56] [Worker-Main-9/INFO]: Preparing spawn area: 21%
[07:44:56] [Worker-Main-14/INFO]: Preparing spawn area: 26%
[07:44:57] [Worker-Main-11/INFO]: Preparing spawn area: 33%
[07:44:57] [Worker-Main-8/INFO]: Preparing spawn area: 38%
[07:44:58] [Worker-Main-10/INFO]: Preparing spawn area: 45%
[07:44:58] [Worker-Main-9/INFO]: Preparing spawn area: 49%
[07:44:59] [Worker-Main-8/INFO]: Preparing spawn area: 59%
[07:44:59] [Worker-Main-10/INFO]: Preparing spawn area: 65%
[07:45:00] [Worker-Main-10/INFO]: Preparing spawn area: 71%
[07:45:00] [Worker-Main-14/INFO]: Preparing spawn area: 78%
[07:45:01] [Worker-Main-8/INFO]: Preparing spawn area: 85%
[07:45:01] [Worker-Main-14/INFO]: Preparing spawn area: 92%
[07:45:02] [Server thread/INFO]: Time elapsed: 9493 ms
[07:45:02] [Server thread/INFO]: Preparing start region for dimension minecraft:the_nether
[07:45:02] [Worker-Main-10/INFO]: Preparing spawn area: 0%
[07:45:02] [Worker-Main-13/INFO]: Preparing spawn area: 4%
[07:45:03] [Worker-Main-14/INFO]: Preparing spawn area: 10%
[07:45:03] [Worker-Main-11/INFO]: Preparing spawn area: 17%
[07:45:04] [Worker-Main-13/INFO]: Preparing spawn area: 23%
[07:45:04] [Worker-Main-13/INFO]: Preparing spawn area: 30%
[07:45:05] [Worker-Main-10/INFO]: Preparing spawn area: 37%
[07:45:05] [Worker-Main-13/INFO]: Preparing spawn area: 44%
[07:45:06] [Worker-Main-13/INFO]: Preparing spawn area: 53%
[07:45:06] [Worker-Main-13/INFO]: Preparing spawn area: 60%
[07:45:07] [Worker-Main-9/INFO]: Preparing spawn area: 67%
[07:45:07] [Worker-Main-9/INFO]: Preparing spawn area: 74%
[07:45:08] [Worker-Main-10/INFO]: Preparing spawn area: 83%
[07:45:08] [Worker-Main-9/INFO]: Preparing spawn area: 92%
[07:45:09] [Server thread/INFO]: Time elapsed: 6997 ms
[07:45:09] [Server thread/INFO]: Preparing start region for dimension minecraft:the_end
[07:45:09] [Worker-Main-12/INFO]: Preparing spawn area: 0%
[07:45:09] [Worker-Main-12/INFO]: Preparing spawn area: 16%
[07:45:10] [Worker-Main-12/INFO]: Preparing spawn area: 55%
[07:45:10] [Server thread/INFO]: Time elapsed: 1435 ms
[07:45:10] [Server thread/INFO]: Server permissions file permissions.yml is empty, ignoring it
[07:45:10] [Server thread/INFO]: Done (21.489s)! For help, type "help"
[07:45:10] [Server thread/INFO]: Starting GS4 status listener
[07:45:10] [Server thread/INFO]: Thread Query Listener started
[07:45:10] [Query Listener #1/INFO]: Query running on 0.0.0.0:25555
[07:45:37] [User Authenticator #1/INFO]: UUID of player edeak is fdadddd3-ac1a-4624-8b63-344883c527c2
[07:45:37] [Server thread/INFO]: edeak[/94.63.14.25:52636] logged in with entity id 349 at ([world]-176.5, 70.0, -235.5)
[07:45:44] [Server thread/INFO]: edeak lost connection: Disconnected
[07:45:44] [Server thread/INFO]: edeak left the game
[07:54:19] [Server thread/INFO]: Stopping the server
[07:54:19] [Server thread/INFO]: Stopping server
[07:54:19] [Server thread/INFO]: Saving players
[07:54:19] [Server thread/INFO]: Saving worlds
[07:54:19] [Server thread/INFO]: Saving chunks for level 'ServerLevel[world]'/minecraft:overworld
[07:54:20] [Server thread/INFO]: ThreadedAnvilChunkStorage (world): All chunks are saved
[07:54:20] [Server thread/INFO]: Saving chunks for level 'ServerLevel[world_nether]'/minecraft:the_nether
[07:54:21] [Server thread/INFO]: ThreadedAnvilChunkStorage (DIM-1): All chunks are saved
[07:54:21] [Server thread/INFO]: Saving chunks for level 'ServerLevel[world_the_end]'/minecraft:the_end
[07:54:21] [Server thread/INFO]: ThreadedAnvilChunkStorage (DIM1): All chunks are saved
[07:54:21] [Server thread/INFO]: ThreadedAnvilChunkStorage (world): All chunks are saved
[07:54:21] [Server thread/INFO]: ThreadedAnvilChunkStorage (DIM-1): All chunks are saved
[07:54:21] [Server thread/INFO]: ThreadedAnvilChunkStorage (DIM1): All chunks are saved
[07:54:21] [Server thread/INFO]: Thread Query Listener stopped
