[09:46:58] [main/INFO]: Environment: authHost='https://authserver.mojang.com', accountsHost='https://api.mojang.com', sessionHost='https://sessionserver.mojang.com', servicesHost='https://api.minecraftservices.com', name='PROD'
[09:47:04] [main/WARN]: Ambiguity between arguments [teleport, destination] and [teleport, targets] with inputs: [Player, 0123, @e, dd12be42-52a9-4a91-a8a1-11c01849e498]
[09:47:04] [main/WARN]: Ambiguity between arguments [teleport, location] and [teleport, destination] with inputs: [0.1 -0.5 .9, 0 0 0]
[09:47:04] [main/WARN]: Ambiguity between arguments [teleport, location] and [teleport, targets] with inputs: [0.1 -0.5 .9, 0 0 0]
[09:47:04] [main/WARN]: Ambiguity between arguments [teleport, targets] and [teleport, destination] with inputs: [Player, 0123, dd12be42-52a9-4a91-a8a1-11c01849e498]
[09:47:04] [main/WARN]: Ambiguity between arguments [teleport, targets, location] and [teleport, targets, destination] with inputs: [0.1 -0.5 .9, 0 0 0]
[09:47:04] [main/INFO]: Reloading ResourceManager: Default
[09:47:04] [Worker-Main-6/INFO]: Loaded 7 recipes
[09:47:04] [Worker-Main-6/INFO]: Loaded 927 advancements
[09:47:05] [Server thread/INFO]: Starting minecraft server version 1.16.4
[09:47:05] [Server thread/INFO]: Loading properties
[09:47:05] [Server thread/INFO]: Default game type: SURVIVAL
[09:47:05] [Server thread/INFO]: Generating keypair
[09:47:06] [Server thread/INFO]: Starting Minecraft server on *:25565
[09:47:06] [Server thread/INFO]: Using default channel type
[09:47:07] [Server thread/INFO]: Preparing level "world"
[09:47:07] [Server thread/INFO]: Preparing start region for dimension minecraft:overworld
[09:47:08] [Server thread/INFO]: Preparing spawn area: 0%
[09:47:08] [Server thread/INFO]: Preparing spawn area: 0%
[09:47:08] [Server thread/INFO]: Preparing spawn area: 0%
[09:47:08] [Server thread/INFO]: Time elapsed: 1655 ms
[09:47:08] [Server thread/INFO]: Done (1.746s)! For help, type "help"
[09:48:15] [User Authenticator #1/INFO]: UUID of player edeak is fdadddd3-ac1a-4624-8b63-344883c527c2
[09:48:16] [Server thread/INFO]: edeak[/127.0.0.1:50076] logged in with entity id 129 at (2685.679672534751, 78.0, -2455.940249245328)
[09:48:16] [Server thread/INFO]: edeak joined the game
[09:48:17] [Server thread/WARN]: Trying to add entity with duplicated UUID 99e9b521-1620-46f5-b22e-aea278acbdd7. Existing minecraft:skeleton#156, new: minecraft:skeleton#165
[09:48:17] [Server thread/WARN]: Trying to add entity with duplicated UUID 4280e5fd-bea2-4448-9012-b6e999426bfb. Existing minecraft:skeleton#157, new: minecraft:skeleton#166
[09:48:18] [Server thread/WARN]: Can't keep up! Is the server overloaded? Running 2077ms or 41 ticks behind
[09:48:18] [Server thread/WARN]: Trying to add entity with duplicated UUID bf298766-a290-414a-84ae-03fcfcd5cb72. Existing minecraft:zombie#160, new: minecraft:zombie#174
[09:48:20] [Server thread/WARN]: Trying to add entity with duplicated UUID c0f9c8c1-b18c-4276-a6c4-216cf1848549. Existing minecraft:rabbit#247, new: minecraft:rabbit#273
[09:48:21] [Server thread/WARN]: Trying to add entity with duplicated UUID ffb0e183-bf7a-4a23-a1e7-b7ec1429da27. Existing minecraft:zombie#280, new: minecraft:zombie#281
[09:48:23] [Server thread/WARN]: Trying to add entity with duplicated UUID cd4b601b-cbea-4917-9841-424cd02e1e29. Existing minecraft:sheep#337, new: minecraft:sheep#339
[09:48:24] [Server thread/WARN]: Trying to add entity with duplicated UUID cb2ab964-5a74-47d3-999c-9b53ecdca809. Existing minecraft:rabbit#349, new: minecraft:rabbit#350
[09:48:33] [Server thread/INFO]: edeak lost connection: Disconnected
[09:48:33] [Server thread/INFO]: edeak left the game
