[01:48:10] [main/INFO]: Environment: authHost='https://authserver.mojang.com', accountsHost='https://api.mojang.com', sessionHost='https://sessionserver.mojang.com', servicesHost='https://api.minecraftservices.com', name='PROD'
[01:48:11] [main/INFO]: Reloading ResourceManager: Default, bukkit
[01:48:12] [Worker-Main-4/INFO]: Loaded 7 recipes
[01:48:13] [Server thread/INFO]: Starting minecraft server version 1.16.5
[01:48:13] [Server thread/INFO]: Loading properties
[01:48:13] [Server thread/INFO]: This server is running CraftBukkit version 3020-Spigot-bff5261-ee5006d (MC: 1.16.5) (Implementing API version 1.16.5-R0.1-SNAPSHOT)
[01:48:14] [Server thread/INFO]: Debug logging is disabled
[01:48:14] [Server thread/INFO]: Server Ping Player Sample Count: 12
[01:48:14] [Server thread/INFO]: Using 4 threads for Netty based IO
[01:48:14] [Server thread/INFO]: Default game type: SURVIVAL
[01:48:14] [Server thread/INFO]: Generating keypair
[01:48:14] [Server thread/INFO]: Starting Minecraft server on *:25565
[01:48:14] [Server thread/INFO]: Using epoll channel type
[01:48:15] [Server thread/INFO]: Preparing level "world"
[01:48:15] [Server thread/INFO]: -------- World Settings For [world] --------
[01:48:15] [Server thread/INFO]: Experience Merge Radius: 3.0
[01:48:15] [Server thread/INFO]: Mob Spawn Range: 6
[01:48:15] [Server thread/INFO]: Cactus Growth Modifier: 100%
[01:48:15] [Server thread/INFO]: Cane Growth Modifier: 100%
[01:48:15] [Server thread/INFO]: Melon Growth Modifier: 100%
[01:48:15] [Server thread/INFO]: Mushroom Growth Modifier: 100%
[01:48:15] [Server thread/INFO]: Pumpkin Growth Modifier: 100%
[01:48:15] [Server thread/INFO]: Sapling Growth Modifier: 100%
[01:48:15] [Server thread/INFO]: Beetroot Growth Modifier: 100%
[01:48:15] [Server thread/INFO]: Carrot Growth Modifier: 100%
[01:48:15] [Server thread/INFO]: Potato Growth Modifier: 100%
[01:48:15] [Server thread/INFO]: Wheat Growth Modifier: 100%
[01:48:15] [Server thread/INFO]: NetherWart Growth Modifier: 100%
[01:48:15] [Server thread/INFO]: Vine Growth Modifier: 100%
[01:48:15] [Server thread/INFO]: Cocoa Growth Modifier: 100%
[01:48:15] [Server thread/INFO]: Bamboo Growth Modifier: 100%
[01:48:15] [Server thread/INFO]: SweetBerry Growth Modifier: 100%
[01:48:15] [Server thread/INFO]: Kelp Growth Modifier: 100%
[01:48:15] [Server thread/INFO]: Entity Activation Range: An 32 / Mo 32 / Ra 48 / Mi 16 / Tiv true
[01:48:15] [Server thread/INFO]: Hopper Transfer: 8 Hopper Check: 1 Hopper Amount: 1
[01:48:15] [Server thread/INFO]: Custom Map Seeds:  Village: 10387312 Desert: 14357617 Igloo: 14357618 Jungle: 14357619 Swamp: 14357620 Monument: 10387313 Ocean: 14357621 Shipwreck: 165745295 End City: 10387313 Slime: 987234911 Bastion: 30084232 Fortress: 30084232 Mansion: 10387319 Fossil: 14357921 Portal: 34222645
[01:48:15] [Server thread/INFO]: Max TNT Explosions: 100
[01:48:15] [Server thread/INFO]: Tile Max Tick Time: 50ms Entity max Tick Time: 50ms
[01:48:15] [Server thread/INFO]: Entity Tracking Range: Pl 48 / An 48 / Mo 48 / Mi 32 / Other 64
[01:48:15] [Server thread/INFO]: Allow Zombie Pigmen to spawn from portal blocks: true
[01:48:15] [Server thread/INFO]: Item Despawn Rate: 6000
[01:48:15] [Server thread/INFO]: Item Merge Radius: 2.5
[01:48:15] [Server thread/INFO]: View Distance: 10
[01:48:15] [Server thread/INFO]: Arrow Despawn Rate: 1200 Trident Respawn Rate:1200
[01:48:15] [Server thread/INFO]: Zombie Aggressive Towards Villager: true
[01:48:15] [Server thread/INFO]: Nerfing mobs spawned from spawners: false
[01:48:15] [Server thread/INFO]: -------- World Settings For [world_nether] --------
[01:48:15] [Server thread/INFO]: Experience Merge Radius: 3.0
[01:48:15] [Server thread/INFO]: Mob Spawn Range: 6
[01:48:15] [Server thread/INFO]: Cactus Growth Modifier: 100%
[01:48:15] [Server thread/INFO]: Cane Growth Modifier: 100%
[01:48:15] [Server thread/INFO]: Melon Growth Modifier: 100%
[01:48:15] [Server thread/INFO]: Mushroom Growth Modifier: 100%
[01:48:15] [Server thread/INFO]: Pumpkin Growth Modifier: 100%
[01:48:15] [Server thread/INFO]: Sapling Growth Modifier: 100%
[01:48:15] [Server thread/INFO]: Beetroot Growth Modifier: 100%
[01:48:15] [Server thread/INFO]: Carrot Growth Modifier: 100%
[01:48:15] [Server thread/INFO]: Potato Growth Modifier: 100%
[01:48:15] [Server thread/INFO]: Wheat Growth Modifier: 100%
[01:48:15] [Server thread/INFO]: NetherWart Growth Modifier: 100%
[01:48:15] [Server thread/INFO]: Vine Growth Modifier: 100%
[01:48:15] [Server thread/INFO]: Cocoa Growth Modifier: 100%
[01:48:15] [Server thread/INFO]: Bamboo Growth Modifier: 100%
[01:48:15] [Server thread/INFO]: SweetBerry Growth Modifier: 100%
[01:48:15] [Server thread/INFO]: Kelp Growth Modifier: 100%
[01:48:15] [Server thread/INFO]: Entity Activation Range: An 32 / Mo 32 / Ra 48 / Mi 16 / Tiv true
[01:48:15] [Server thread/INFO]: Hopper Transfer: 8 Hopper Check: 1 Hopper Amount: 1
[01:48:15] [Server thread/INFO]: Custom Map Seeds:  Village: 10387312 Desert: 14357617 Igloo: 14357618 Jungle: 14357619 Swamp: 14357620 Monument: 10387313 Ocean: 14357621 Shipwreck: 165745295 End City: 10387313 Slime: 987234911 Bastion: 30084232 Fortress: 30084232 Mansion: 10387319 Fossil: 14357921 Portal: 34222645
[01:48:15] [Server thread/INFO]: Max TNT Explosions: 100
[01:48:15] [Server thread/INFO]: Tile Max Tick Time: 50ms Entity max Tick Time: 50ms
[01:48:15] [Server thread/INFO]: Entity Tracking Range: Pl 48 / An 48 / Mo 48 / Mi 32 / Other 64
[01:48:15] [Server thread/INFO]: Allow Zombie Pigmen to spawn from portal blocks: true
[01:48:15] [Server thread/INFO]: Item Despawn Rate: 6000
[01:48:15] [Server thread/INFO]: Item Merge Radius: 2.5
[01:48:15] [Server thread/INFO]: View Distance: 10
[01:48:15] [Server thread/INFO]: Arrow Despawn Rate: 1200 Trident Respawn Rate:1200
[01:48:15] [Server thread/INFO]: Zombie Aggressive Towards Villager: true
[01:48:15] [Server thread/INFO]: Nerfing mobs spawned from spawners: false
[01:48:15] [Server thread/INFO]: -------- World Settings For [world_the_end] --------
[01:48:15] [Server thread/INFO]: Experience Merge Radius: 3.0
[01:48:15] [Server thread/INFO]: Mob Spawn Range: 6
[01:48:15] [Server thread/INFO]: Cactus Growth Modifier: 100%
[01:48:15] [Server thread/INFO]: Cane Growth Modifier: 100%
[01:48:15] [Server thread/INFO]: Melon Growth Modifier: 100%
[01:48:15] [Server thread/INFO]: Mushroom Growth Modifier: 100%
[01:48:15] [Server thread/INFO]: Pumpkin Growth Modifier: 100%
[01:48:15] [Server thread/INFO]: Sapling Growth Modifier: 100%
[01:48:15] [Server thread/INFO]: Beetroot Growth Modifier: 100%
[01:48:15] [Server thread/INFO]: Carrot Growth Modifier: 100%
[01:48:15] [Server thread/INFO]: Potato Growth Modifier: 100%
[01:48:15] [Server thread/INFO]: Wheat Growth Modifier: 100%
[01:48:15] [Server thread/INFO]: NetherWart Growth Modifier: 100%
[01:48:15] [Server thread/INFO]: Vine Growth Modifier: 100%
[01:48:15] [Server thread/INFO]: Cocoa Growth Modifier: 100%
[01:48:15] [Server thread/INFO]: Bamboo Growth Modifier: 100%
[01:48:15] [Server thread/INFO]: SweetBerry Growth Modifier: 100%
[01:48:15] [Server thread/INFO]: Kelp Growth Modifier: 100%
[01:48:15] [Server thread/INFO]: Entity Activation Range: An 32 / Mo 32 / Ra 48 / Mi 16 / Tiv true
[01:48:15] [Server thread/INFO]: Hopper Transfer: 8 Hopper Check: 1 Hopper Amount: 1
[01:48:15] [Server thread/INFO]: Custom Map Seeds:  Village: 10387312 Desert: 14357617 Igloo: 14357618 Jungle: 14357619 Swamp: 14357620 Monument: 10387313 Ocean: 14357621 Shipwreck: 165745295 End City: 10387313 Slime: 987234911 Bastion: 30084232 Fortress: 30084232 Mansion: 10387319 Fossil: 14357921 Portal: 34222645
[01:48:15] [Server thread/INFO]: Max TNT Explosions: 100
[01:48:15] [Server thread/INFO]: Tile Max Tick Time: 50ms Entity max Tick Time: 50ms
[01:48:15] [Server thread/INFO]: Entity Tracking Range: Pl 48 / An 48 / Mo 48 / Mi 32 / Other 64
[01:48:15] [Server thread/INFO]: Allow Zombie Pigmen to spawn from portal blocks: true
[01:48:15] [Server thread/INFO]: Item Despawn Rate: 6000
[01:48:15] [Server thread/INFO]: Item Merge Radius: 2.5
[01:48:15] [Server thread/INFO]: View Distance: 10
[01:48:15] [Server thread/INFO]: Arrow Despawn Rate: 1200 Trident Respawn Rate:1200
[01:48:15] [Server thread/INFO]: Zombie Aggressive Towards Villager: true
[01:48:15] [Server thread/INFO]: Nerfing mobs spawned from spawners: false
[01:48:15] [Server thread/INFO]: Preparing start region for dimension minecraft:overworld
[01:48:16] [Server thread/INFO]: Preparing spawn area: 0%
[01:48:16] [Server thread/INFO]: Preparing spawn area: 0%
[01:48:16] [Server thread/INFO]: Preparing spawn area: 0%
[01:48:16] [Server thread/INFO]: Preparing spawn area: 0%
[01:48:17] [Server thread/INFO]: Preparing spawn area: 17%
[01:48:17] [Server thread/INFO]: Time elapsed: 2529 ms
[01:48:17] [Server thread/INFO]: Preparing start region for dimension minecraft:the_nether
[01:48:18] [Server thread/INFO]: Preparing spawn area: 0%
[01:48:18] [Server thread/INFO]: Preparing spawn area: 0%
[01:48:18] [Worker-Main-6/INFO]: Preparing spawn area: 83%
[01:48:19] [Worker-Main-6/INFO]: Preparing spawn area: 90%
[01:48:19] [Worker-Main-6/INFO]: Preparing spawn area: 90%
[01:48:20] [Worker-Main-4/INFO]: Preparing spawn area: 94%
[01:48:20] [Server thread/INFO]: Time elapsed: 2807 ms
[01:48:20] [Server thread/INFO]: Preparing start region for dimension minecraft:the_end
[01:48:21] [Server thread/INFO]: Preparing spawn area: 0%
[01:48:21] [Worker-Main-6/INFO]: Preparing spawn area: 83%
[01:48:21] [Worker-Main-4/INFO]: Preparing spawn area: 83%
[01:48:22] [Worker-Main-4/INFO]: Preparing spawn area: 83%
[01:48:22] [Worker-Main-4/INFO]: Preparing spawn area: 83%
[01:48:23] [Worker-Main-4/INFO]: Preparing spawn area: 83%
[01:48:23] [Worker-Main-5/INFO]: Preparing spawn area: 83%
[01:48:24] [Worker-Main-6/INFO]: Preparing spawn area: 84%
[01:48:24] [Worker-Main-6/INFO]: Preparing spawn area: 84%
[01:48:25] [Worker-Main-6/INFO]: Preparing spawn area: 86%
[01:48:25] [Worker-Main-6/INFO]: Preparing spawn area: 91%
[01:48:26] [Worker-Main-4/INFO]: Preparing spawn area: 93%
[01:48:26] [Worker-Main-5/INFO]: Preparing spawn area: 93%
[01:48:26] [Server thread/INFO]: Time elapsed: 6169 ms
[01:48:26] [Server thread/INFO]: Server permissions file permissions.yml is empty, ignoring it
[01:48:26] [Server thread/INFO]: Done (11.672s)! For help, type "help"
[01:48:26] [Server thread/INFO]: Starting GS4 status listener
[01:48:26] [Server thread/INFO]: Thread Query Listener started
[01:48:26] [Server thread/INFO]: Starting remote control listener
[01:48:26] [Query Listener #1/INFO]: Query running on 0.0.0.0:25555
[01:48:27] [Server thread/INFO]: Thread RCON Listener started
[01:48:27] [Server thread/INFO]: RCON running on 0.0.0.0:25575
[02:07:28] [User Authenticator #1/INFO]: UUID of player edeak is fdadddd3-ac1a-4624-8b63-344883c527c2
[02:07:29] [Server thread/INFO]: edeak[/127.0.0.1:35030] logged in with entity id 296 at ([world]1857.300000011921, 66.5625, -2081.8147173947136)
[02:07:30] [Server thread/INFO]: edeak lost connection: Disconnected
[02:07:30] [Server thread/INFO]: edeak left the game
[02:07:38] [Server thread/INFO]: com.mojang.authlib.GameProfile@77638197[id=<null>,name=edeak,properties={},legacy=false] (/127.0.0.1:35036) lost connection: Disconnected
[02:09:19] [User Authenticator #3/INFO]: UUID of player edeak is fdadddd3-ac1a-4624-8b63-344883c527c2
[02:09:19] [Server thread/INFO]: edeak[/127.0.0.1:35048] logged in with entity id 529 at ([world]1857.300000011921, 66.5625, -2081.8147173947136)
[02:16:11] [User Authenticator #4/INFO]: UUID of player ProRockCrusher is df600e69-3e10-4ec5-9c0b-649e004bfd10
[02:16:11] [Server thread/INFO]: ProRockCrusher[/174.112.85.42:57126] logged in with entity id 1258 at ([world]4808.956920596407, 63.9375, -2916.5482088938193)
[02:16:15] [Async Chat Thread - #0/INFO]: <edeak> sooooooooouuuuuuuup[m
[02:16:21] [Async Chat Thread - #0/INFO]: <ProRockCrusher> soup![m
[02:16:48] [Server thread/WARN]: Horse (vehicle of ProRockCrusher) moved wrongly! 0.31392610791908737
[02:16:49] [Server thread/WARN]: Horse (vehicle of ProRockCrusher) moved wrongly! 0.2768418161472255
[02:16:53] [Async Chat Thread - #0/INFO]: <ProRockCrusher> where ya at[m
[02:16:57] [Async Chat Thread - #0/INFO]: <edeak> far away[m
[02:17:01] [Async Chat Thread - #0/INFO]: <edeak> at the stronghold if you know[m
[02:17:05] [Async Chat Thread - #0/INFO]: <ProRockCrusher> word[m
[02:17:11] [Async Chat Thread - #0/INFO]: <edeak> :D[m
[02:18:10] [Async Chat Thread - #0/INFO]: <ProRockCrusher> FISH TANK POG[m
[02:18:16] [Async Chat Thread - #0/INFO]: <edeak> :DDDDDDDDD[m
[02:18:21] [Async Chat Thread - #0/INFO]: <edeak> so happy you like it[m
[02:18:41] [Async Chat Thread - #0/INFO]: <ProRockCrusher> its very very cool[m
[02:18:44] [Async Chat Thread - #0/INFO]: <edeak> awesome[m
[02:18:52] [Async Chat Thread - #0/INFO]: <edeak> it needs some more fish[m
[02:19:00] [Async Chat Thread - #0/INFO]: <ProRockCrusher> ya one or two[m
[02:19:17] [Async Chat Thread - #0/INFO]: <edeak> I actually bought 4 tropical fish in buckets from a wandering salesman[m
[02:19:26] [Async Chat Thread - #0/INFO]: <edeak> for the buckets. I accidentally killed 3 of the fish[m
[02:19:31] [Async Chat Thread - #0/INFO]: <edeak> thats the survivor[m
[02:19:39] [Async Chat Thread - #0/INFO]: <ProRockCrusher> hehehehe[m
[02:19:47] [Async Chat Thread - #0/INFO]: <edeak> :DD[m
[02:20:36] [Async Chat Thread - #0/INFO]: <ProRockCrusher> brb[m
[02:20:39] [Async Chat Thread - #0/INFO]: <edeak> ok[m
[02:29:31] [Async Chat Thread - #1/INFO]: <ProRockCrusher> hewwo~[m
[02:29:34] [Async Chat Thread - #1/INFO]: <edeak> hi![m
[02:29:43] [Async Chat Thread - #1/INFO]: <ProRockCrusher> sry had to make my evening lemon tea[m
[02:29:45] [Async Chat Thread - #1/INFO]: <edeak> np![m
[02:37:57] [Async Chat Thread - #2/INFO]: <ProRockCrusher> this game is so calming[m
[02:38:02] [Async Chat Thread - #2/INFO]: <edeak> i know right[m
[03:00:04] [Async Chat Thread - #3/INFO]: <ProRockCrusher> okay i made some progress on the beehive room[m
[03:00:11] [Async Chat Thread - #3/INFO]: <ProRockCrusher> imma head out for tonight ^_^[m
[03:00:12] [Async Chat Thread - #3/INFO]: <edeak> good![m
[03:00:15] [Async Chat Thread - #3/INFO]: <edeak> alright! see ya[m
[03:00:16] [Server thread/INFO]: ProRockCrusher lost connection: Disconnected
[03:00:16] [Server thread/INFO]: ProRockCrusher left the game
[03:02:55] [Server thread/INFO]: com.mojang.authlib.GameProfile@542f1ccb[id=<null>,name=ProRockCrusher,properties={},legacy=false] (/174.112.85.42:57664) lost connection: Disconnected
[03:06:38] [Server thread/INFO]: Scanning for legacy world dragon fight...
[03:06:38] [Server thread/INFO]: Found that the dragon has been killed in this world already.
[04:42:49] [Server thread/INFO]: Stopping the server
[04:42:49] [Server thread/INFO]: Stopping server
[04:42:49] [Server thread/INFO]: Saving players
[04:42:49] [Server thread/INFO]: edeak lost connection: Server closed
[04:42:49] [Server thread/INFO]: edeak left the game
[04:42:50] [Server thread/INFO]: Saving worlds
[04:42:50] [Server thread/INFO]: Saving chunks for level 'ServerLevel[world]'/minecraft:overworld
[04:42:50] [Server thread/INFO]: ThreadedAnvilChunkStorage (world): All chunks are saved
[04:42:50] [Server thread/INFO]: Saving chunks for level 'ServerLevel[world_nether]'/minecraft:the_nether
[04:42:50] [Server thread/INFO]: ThreadedAnvilChunkStorage (DIM-1): All chunks are saved
[04:42:50] [Server thread/INFO]: Saving chunks for level 'ServerLevel[world_the_end]'/minecraft:the_end
[04:42:50] [Server thread/INFO]: ThreadedAnvilChunkStorage (DIM1): All chunks are saved
[04:42:50] [Server thread/INFO]: ThreadedAnvilChunkStorage (world): All chunks are saved
[04:42:50] [Server thread/INFO]: ThreadedAnvilChunkStorage (DIM-1): All chunks are saved
[04:42:50] [Server thread/INFO]: ThreadedAnvilChunkStorage (DIM1): All chunks are saved
[04:42:51] [Server thread/INFO]: Thread RCON Listener stopped
[04:42:51] [Server thread/INFO]: Thread Query Listener stopped
